<?xml version="1.0" encoding="UTF-8"?>
<testsuite name="Cucumber" time="48.771" tests="1" skipped="0" failures="1" errors="0">
<testcase classname="As a user i want to validate Data Quality Rules" name="Verify the user able to create a New Rule in Data Quality Rules" time="48.449">
<failure type="org.openqa.selenium.ElementClickInterceptedException" message="element click intercepted: Element &lt;button class=&quot;MuiButtonBase-root MuiButton-root MuiButton-contained MuiButton-containedPrimary MuiButton-sizeMedium MuiButton-containedSizeMedium Mui-disabled MuiButton-root MuiButton-contained MuiButton-containedPrimary MuiButton-sizeMedium MuiButton-containedSizeMedium css-1vzxprf&quot; tabindex=&quot;-1&quot; type=&quot;button&quot; disabled=&quot;&quot;&gt;...&lt;/button&gt; is not clickable at point (1464, 286). Other element would receive the click: &lt;div class=&quot;MuiBox-root css-1xctuv5&quot;&gt;...&lt;/div&gt;
  (Session info: chrome=120.0.6099.71)
Build info: version: '4.8.3', revision: 'e5e76298c3'
System info: os.name: 'Windows 10', os.arch: 'amd64', os.version: '10.0', java.version: '17.0.4.1'
Driver info: org.openqa.selenium.chrome.ChromeDriver
Command: [d3558eeced414df540f7ace370f37da6, clickElement {id=2FA3400E420F913C829142622B4F4BEE_element_45}]
Capabilities {acceptInsecureCerts: false, browserName: chrome, browserVersion: 120.0.6099.71, chrome: {chromedriverVersion: 120.0.6099.71 (9729082fe617..., userDataDir: C:\Users\KHAJAM~1\AppData\L...}, fedcm:accounts: true, goog:chromeOptions: {debuggerAddress: localhost:4734}, networkConnectionEnabled: false, pageLoadStrategy: normal, platformName: WINDOWS, proxy: Proxy(), se:cdp: ws://localhost:4734/devtool..., se:cdpVersion: 120.0.6099.71, setWindowRect: true, strictFileInteractability: false, timeouts: {implicit: 0, pageLoad: 300000, script: 30000}, unhandledPromptBehavior: dismiss and notify, webauthn:extension:credBlob: true, webauthn:extension:largeBlob: true, webauthn:extension:minPinLength: true, webauthn:extension:prf: true, webauthn:virtualAuthenticators: true}
Element: [[ChromeDriver: chrome on WINDOWS (d3558eeced414df540f7ace370f37da6)] -&gt; xpath: //button[text()='Next']]
Session ID: d3558eeced414df540f7ace370f37da6">
<![CDATA[org.openqa.selenium.ElementClickInterceptedException: element click intercepted: Element <button class="MuiButtonBase-root MuiButton-root MuiButton-contained MuiButton-containedPrimary MuiButton-sizeMedium MuiButton-containedSizeMedium Mui-disabled MuiButton-root MuiButton-contained MuiButton-containedPrimary MuiButton-sizeMedium MuiButton-containedSizeMedium css-1vzxprf" tabindex="-1" type="button" disabled="">...</button> is not clickable at point (1464, 286). Other element would receive the click: <div class="MuiBox-root css-1xctuv5">...</div>
  (Session info: chrome=120.0.6099.71)
Build info: version: '4.8.3', revision: 'e5e76298c3'
System info: os.name: 'Windows 10', os.arch: 'amd64', os.version: '10.0', java.version: '17.0.4.1'
Driver info: org.openqa.selenium.chrome.ChromeDriver
Command: [d3558eeced414df540f7ace370f37da6, clickElement {id=2FA3400E420F913C829142622B4F4BEE_element_45}]
Capabilities {acceptInsecureCerts: false, browserName: chrome, browserVersion: 120.0.6099.71, chrome: {chromedriverVersion: 120.0.6099.71 (9729082fe617..., userDataDir: C:\Users\KHAJAM~1\AppData\L...}, fedcm:accounts: true, goog:chromeOptions: {debuggerAddress: localhost:4734}, networkConnectionEnabled: false, pageLoadStrategy: normal, platformName: WINDOWS, proxy: Proxy(), se:cdp: ws://localhost:4734/devtool..., se:cdpVersion: 120.0.6099.71, setWindowRect: true, strictFileInteractability: false, timeouts: {implicit: 0, pageLoad: 300000, script: 30000}, unhandledPromptBehavior: dismiss and notify, webauthn:extension:credBlob: true, webauthn:extension:largeBlob: true, webauthn:extension:minPinLength: true, webauthn:extension:prf: true, webauthn:virtualAuthenticators: true}
Element: [[ChromeDriver: chrome on WINDOWS (d3558eeced414df540f7ace370f37da6)] -> xpath: //button[text()='Next']]
Session ID: d3558eeced414df540f7ace370f37da6
	at java.base/jdk.internal.reflect.NativeConstructorAccessorImpl.newInstance0(Native Method)
	at java.base/jdk.internal.reflect.NativeConstructorAccessorImpl.newInstance(NativeConstructorAccessorImpl.java:77)
	at java.base/jdk.internal.reflect.DelegatingConstructorAccessorImpl.newInstance(DelegatingConstructorAccessorImpl.java:45)
	at java.base/java.lang.reflect.Constructor.newInstanceWithCaller(Constructor.java:499)
	at java.base/java.lang.reflect.Constructor.newInstance(Constructor.java:480)
	at org.openqa.selenium.remote.codec.w3c.W3CHttpResponseCodec.createException(W3CHttpResponseCodec.java:200)
	at org.openqa.selenium.remote.codec.w3c.W3CHttpResponseCodec.decode(W3CHttpResponseCodec.java:133)
	at org.openqa.selenium.remote.codec.w3c.W3CHttpResponseCodec.decode(W3CHttpResponseCodec.java:53)
	at org.openqa.selenium.remote.HttpCommandExecutor.execute(HttpCommandExecutor.java:193)
	at org.openqa.selenium.remote.service.DriverCommandExecutor.invokeExecute(DriverCommandExecutor.java:183)
	at org.openqa.selenium.remote.service.DriverCommandExecutor.execute(DriverCommandExecutor.java:158)
	at org.openqa.selenium.remote.RemoteWebDriver.execute(RemoteWebDriver.java:543)
	at org.openqa.selenium.remote.RemoteWebElement.execute(RemoteWebElement.java:257)
	at org.openqa.selenium.remote.RemoteWebElement.click(RemoteWebElement.java:78)
	at java.base/jdk.internal.reflect.NativeMethodAccessorImpl.invoke0(Native Method)
	at java.base/jdk.internal.reflect.NativeMethodAccessorImpl.invoke(NativeMethodAccessorImpl.java:77)
	at java.base/jdk.internal.reflect.DelegatingMethodAccessorImpl.invoke(DelegatingMethodAccessorImpl.java:43)
	at java.base/java.lang.reflect.Method.invoke(Method.java:568)
	at org.openqa.selenium.support.pagefactory.internal.LocatingElementHandler.invoke(LocatingElementHandler.java:52)
	at jdk.proxy2/jdk.proxy2.$Proxy25.click(Unknown Source)
	at com.pagefactory.DataQualityRules.nextButton(DataQualityRules.java:88)
	at com.steps.DataQualityRules.click_on_next_button(DataQualityRules.java:47)
	at ?.Click on Next button(file:///D:/Eclipse/DQG_Automation/./Features/DQRule.feature:10)
]]>
</failure>
<system-out><![CDATA[
Given Launch DQG Application................................................passed
And Enter the valid Credentials for accessing DQG...........................passed
And Click on Sign button....................................................passed
And Enter into "Data Quality Rules" module..................................passed
And Create rule by selecting Database.......................................passed
And Select Data Source List.................................................passed
And Click on Next button....................................................failed
And Select table from list..................................................skipped
And Click on Go button......................................................skipped
When Click on the Columns Text..............................................skipped
And Validate the columns are displayed......................................skipped
And Select "Country" from Column name in Table..............................skipped
And Validate select data quality checks is visible..........................skipped
And Select "Ends with" from Data Quality Checks  and update "a" in text field.skipped
And Validate  Match data type is visible....................................skipped
And Select "Text" from Match Datatype.......................................skipped
And Click on Add Data Quality Checks button.................................skipped
And Click on create DQ rule button..........................................skipped
And Update "Postgres DQRule" in DQ Rule name field..........................skipped
And Click on Create button..................................................skipped
Then Validate DQ rule name is updated in the Data Quality module............skipped
]]></system-out>
</testcase>
</testsuite>
